<?xml version="1.0" encoding="UTF-8"?>
<testsuite name="GmailTestSuite"
           tests="5"
           failures="0"
           errors="0"
           skipped="0"
           time="116.495">
  <properties />
  
  
            <testcase name="testGmailFunctionality" time="28.527" classname="com.epam.lab.gmailframework.GmailTest" />
                <testcase name="testGmailFunctionality" time="24.175" classname="com.epam.lab.gmailframework.GmailTest" />
                <testcase name="testGmailFunctionality" time="19.764" classname="com.epam.lab.gmailframework.GmailTest" />
                <testcase name="testGmailFunctionality" time="21.511" classname="com.epam.lab.gmailframework.GmailTest" />
                <testcase name="testGmailFunctionality" time="22.518" classname="com.epam.lab.gmailframework.GmailTest" />
      
</testsuite>
