<?xml version="1.0" encoding="UTF-8"?>
<testsuite name="GmailTestSuite"
           tests="5"
           failures="0"
           errors="0"
           skipped="0"
           time="241.338">
  <properties />
  
  
            <testcase name="testGmailFunctionality" time="32.842" classname="com.epam.lab.gmailframework.GmailTest" />
                <testcase name="testGmailFunctionality" time="38.244" classname="com.epam.lab.gmailframework.GmailTest" />
                <testcase name="testGmailFunctionality" time="49.060" classname="com.epam.lab.gmailframework.GmailTest" />
                <testcase name="testGmailFunctionality" time="57.046" classname="com.epam.lab.gmailframework.GmailTest" />
                <testcase name="testGmailFunctionality" time="64.146" classname="com.epam.lab.gmailframework.GmailTest" />
      
</testsuite>
